<html>
<head>
<title>TestNG:  Regression test</title>
<link href="../testng.css" rel="stylesheet" type="text/css" />
<link href="../my-testng.css" rel="stylesheet" type="text/css" />

<style type="text/css">
.log { display: none;} 
.stack-trace { display: none;} 
</style>
<script type="text/javascript">
<!--
function flip(e) {
  current = e.style.display;
  if (current == 'block') {
    e.style.display = 'none';
    return 0;
  }
  else {
    e.style.display = 'block';
    return 1;
  }
}

function toggleBox(szDivId, elem, msg1, msg2)
{
  var res = -1;  if (document.getElementById) {
    res = flip(document.getElementById(szDivId));
  }
  else if (document.all) {
    // this is the way old msie versions work
    res = flip(document.all[szDivId]);
  }
  if(elem) {
    if(res == 0) elem.innerHTML = msg1; else elem.innerHTML = msg2;
  }

}

function toggleAllBoxes() {
  if (document.getElementsByTagName) {
    d = document.getElementsByTagName('div');
    for (i = 0; i < d.length; i++) {
      if (d[i].className == 'log') {
        flip(d[i]);
      }
    }
  }
}

// -->
</script>

</head>
<body>
<h2 align='center'>Regression test</h2><table border='1' align="center">
<tr>
<td>Tests passed/Failed/Skipped:</td><td>2/0/2</td>
</tr><tr>
<td>Started on:</td><td>Mon Sep 30 10:50:55 IST 2019</td>
</tr>
<tr><td>Total time:</td><td>37 seconds (37252 ms)</td>
</tr><tr>
<td>Included groups:</td><td></td>
</tr><tr>
<td>Excluded groups:</td><td></td>
</tr>
</table><p/>
<small><i>(Hover the method name to see the test class name)</i></small><p/>
<table width='100%' border='1' class='invocation-skipped'>
<tr><td colspan='4' align='center'><b>SKIPPED CONFIGURATIONS</b></td></tr>
<tr><td><b>Test method</b></td>
<td width="30%"><b>Exception</b></td>
<td width="10%"><b>Time (seconds)</b></td>
<td><b>Instance</b></td>
</tr>
<tr>
<td title='com.QSPTech.ProjectName.ModuleName.testCases.TC003_Create_an_Account.isSkip()'><b>isSkip</b><br>Test class: com.QSPTech.ProjectName.ModuleName.testCases.TC003_Create_an_Account</td>
<td><div><pre>org.testng.SkipException: Skipping Test case as it&apos;s Run Mode is set to N
	at com.QSPTech.ProjectName.ModuleName.testCases.TC003_Create_an_Account.isSkip(TC003_Create_an_Account.java:25)
	at sun.reflect.NativeMethodAccessorImpl.invoke0(Native Method)
	at sun.reflect.NativeMethodAccessorImpl.invoke(Unknown Source)
	at sun.reflect.DelegatingMethodAccessorImpl.invoke(Unknown Source)
	at java.lang.reflect.Method.invoke(Unknown Source)
	at org.testng.internal.MethodInvocationHelper.invokeMethod(MethodInvocationHelper.java:85)
	at org.testng.internal.Invoker.invokeConfigurationMethod(Invoker.java:521)
	at org.testng.internal.Invoker.invokeConfigurations(Invoker.java:213)
	at org.testng.internal.Invoker.invokeConfigurations(Invoker.java:140)
	at org.testng.internal.TestMethodWorker.invokeBeforeClassMethods(TestMethodWorker.java:170)
	at org.testng.internal.TestMethodWorker.run(TestMethodWorker.java:104)
	at org.testng.TestRunner.privateRun(TestRunner.java:771)
	at org.testng.TestRunner.run(TestRunner.java:621)
	at org.testng.SuiteRunner.runTest(SuiteRunner.java:357)
	at org.testng.SuiteRunner.runSequentially(SuiteRunner.java:352)
	at org.testng.SuiteRunner.privateRun(SuiteRunner.java:310)
	at org.testng.SuiteRunner.run(SuiteRunner.java:259)
	at org.testng.SuiteRunnerWorker.runSuite(SuiteRunnerWorker.java:52)
	at org.testng.SuiteRunnerWorker.run(SuiteRunnerWorker.java:86)
	at org.testng.TestNG.runSuitesSequentially(TestNG.java:1200)
	at org.testng.TestNG.runSuitesLocally(TestNG.java:1125)
	at org.testng.TestNG.run(TestNG.java:1033)
	at org.testng.remote.RemoteTestNG.run(RemoteTestNG.java:111)
	at org.testng.remote.RemoteTestNG.initAndRun(RemoteTestNG.java:204)
	at org.testng.remote.RemoteTestNG.main(RemoteTestNG.java:175)
</pre></div><a href='#' onClick='toggleBox("stack-trace31147880", this, "Click to show all stack frames", "Click to hide stack frames")'>Click to show all stack frames</a>
<div class='stack-trace' id='stack-trace31147880'><pre>org.testng.SkipException: Skipping Test case as it&apos;s Run Mode is set to N
	at com.QSPTech.ProjectName.ModuleName.testCases.TC003_Create_an_Account.isSkip(TC003_Create_an_Account.java:25)
	at sun.reflect.NativeMethodAccessorImpl.invoke0(Native Method)
	at sun.reflect.NativeMethodAccessorImpl.invoke(Unknown Source)
	at sun.reflect.DelegatingMethodAccessorImpl.invoke(Unknown Source)
	at java.lang.reflect.Method.invoke(Unknown Source)
	at org.testng.internal.MethodInvocationHelper.invokeMethod(MethodInvocationHelper.java:85)
	at org.testng.internal.Invoker.invokeConfigurationMethod(Invoker.java:521)
	at org.testng.internal.Invoker.invokeConfigurations(Invoker.java:213)
	at org.testng.internal.Invoker.invokeConfigurations(Invoker.java:140)
	at org.testng.internal.TestMethodWorker.invokeBeforeClassMethods(TestMethodWorker.java:170)
	at org.testng.internal.TestMethodWorker.run(TestMethodWorker.java:104)
	at org.testng.TestRunner.privateRun(TestRunner.java:771)
	at org.testng.TestRunner.run(TestRunner.java:621)
	at org.testng.SuiteRunner.runTest(SuiteRunner.java:357)
	at org.testng.SuiteRunner.runSequentially(SuiteRunner.java:352)
	at org.testng.SuiteRunner.privateRun(SuiteRunner.java:310)
	at org.testng.SuiteRunner.run(SuiteRunner.java:259)
	at org.testng.SuiteRunnerWorker.runSuite(SuiteRunnerWorker.java:52)
	at org.testng.SuiteRunnerWorker.run(SuiteRunnerWorker.java:86)
	at org.testng.TestNG.runSuitesSequentially(TestNG.java:1200)
	at org.testng.TestNG.runSuitesLocally(TestNG.java:1125)
	at org.testng.TestNG.run(TestNG.java:1033)
	at org.testng.remote.RemoteTestNG.run(RemoteTestNG.java:111)
	at org.testng.remote.RemoteTestNG.initAndRun(RemoteTestNG.java:204)
	at org.testng.remote.RemoteTestNG.main(RemoteTestNG.java:175)
</pre></div></td>
<td>0</td>
<td>com.QSPTech.ProjectName.ModuleName.testCases.TC003_Create_an_Account@3e4e87</td></tr>
<tr>
<td title='com.QSPTech.ProjectName.ModuleName.testCases.TC004_Create_an_Account.isSkip()'><b>isSkip</b><br>Test class: com.QSPTech.ProjectName.ModuleName.testCases.TC004_Create_an_Account</td>
<td><div><pre>org.testng.SkipException: Skipping Test case as it&apos;s Run Mode is set to N
	at com.QSPTech.ProjectName.ModuleName.testCases.TC004_Create_an_Account.isSkip(TC004_Create_an_Account.java:25)
	at sun.reflect.NativeMethodAccessorImpl.invoke0(Native Method)
	at sun.reflect.NativeMethodAccessorImpl.invoke(Unknown Source)
	at sun.reflect.DelegatingMethodAccessorImpl.invoke(Unknown Source)
	at java.lang.reflect.Method.invoke(Unknown Source)
	at org.testng.internal.MethodInvocationHelper.invokeMethod(MethodInvocationHelper.java:85)
	at org.testng.internal.Invoker.invokeConfigurationMethod(Invoker.java:521)
	at org.testng.internal.Invoker.invokeConfigurations(Invoker.java:213)
	at org.testng.internal.Invoker.invokeConfigurations(Invoker.java:140)
	at org.testng.internal.TestMethodWorker.invokeBeforeClassMethods(TestMethodWorker.java:170)
	at org.testng.internal.TestMethodWorker.run(TestMethodWorker.java:104)
	at org.testng.TestRunner.privateRun(TestRunner.java:771)
	at org.testng.TestRunner.run(TestRunner.java:621)
	at org.testng.SuiteRunner.runTest(SuiteRunner.java:357)
	at org.testng.SuiteRunner.runSequentially(SuiteRunner.java:352)
	at org.testng.SuiteRunner.privateRun(SuiteRunner.java:310)
	at org.testng.SuiteRunner.run(SuiteRunner.java:259)
	at org.testng.SuiteRunnerWorker.runSuite(SuiteRunnerWorker.java:52)
	at org.testng.SuiteRunnerWorker.run(SuiteRunnerWorker.java:86)
	at org.testng.TestNG.runSuitesSequentially(TestNG.java:1200)
	at org.testng.TestNG.runSuitesLocally(TestNG.java:1125)
	at org.testng.TestNG.run(TestNG.java:1033)
	at org.testng.remote.RemoteTestNG.run(RemoteTestNG.java:111)
	at org.testng.remote.RemoteTestNG.initAndRun(RemoteTestNG.java:204)
	at org.testng.remote.RemoteTestNG.main(RemoteTestNG.java:175)
</pre></div><a href='#' onClick='toggleBox("stack-trace17057646", this, "Click to show all stack frames", "Click to hide stack frames")'>Click to show all stack frames</a>
<div class='stack-trace' id='stack-trace17057646'><pre>org.testng.SkipException: Skipping Test case as it&apos;s Run Mode is set to N
	at com.QSPTech.ProjectName.ModuleName.testCases.TC004_Create_an_Account.isSkip(TC004_Create_an_Account.java:25)
	at sun.reflect.NativeMethodAccessorImpl.invoke0(Native Method)
	at sun.reflect.NativeMethodAccessorImpl.invoke(Unknown Source)
	at sun.reflect.DelegatingMethodAccessorImpl.invoke(Unknown Source)
	at java.lang.reflect.Method.invoke(Unknown Source)
	at org.testng.internal.MethodInvocationHelper.invokeMethod(MethodInvocationHelper.java:85)
	at org.testng.internal.Invoker.invokeConfigurationMethod(Invoker.java:521)
	at org.testng.internal.Invoker.invokeConfigurations(Invoker.java:213)
	at org.testng.internal.Invoker.invokeConfigurations(Invoker.java:140)
	at org.testng.internal.TestMethodWorker.invokeBeforeClassMethods(TestMethodWorker.java:170)
	at org.testng.internal.TestMethodWorker.run(TestMethodWorker.java:104)
	at org.testng.TestRunner.privateRun(TestRunner.java:771)
	at org.testng.TestRunner.run(TestRunner.java:621)
	at org.testng.SuiteRunner.runTest(SuiteRunner.java:357)
	at org.testng.SuiteRunner.runSequentially(SuiteRunner.java:352)
	at org.testng.SuiteRunner.privateRun(SuiteRunner.java:310)
	at org.testng.SuiteRunner.run(SuiteRunner.java:259)
	at org.testng.SuiteRunnerWorker.runSuite(SuiteRunnerWorker.java:52)
	at org.testng.SuiteRunnerWorker.run(SuiteRunnerWorker.java:86)
	at org.testng.TestNG.runSuitesSequentially(TestNG.java:1200)
	at org.testng.TestNG.runSuitesLocally(TestNG.java:1125)
	at org.testng.TestNG.run(TestNG.java:1033)
	at org.testng.remote.RemoteTestNG.run(RemoteTestNG.java:111)
	at org.testng.remote.RemoteTestNG.initAndRun(RemoteTestNG.java:204)
	at org.testng.remote.RemoteTestNG.main(RemoteTestNG.java:175)
</pre></div></td>
<td>0</td>
<td>com.QSPTech.ProjectName.ModuleName.testCases.TC004_Create_an_Account@de5251</td></tr>
</table><p>
<table width='100%' border='1' class='invocation-passed'>
<tr><td colspan='4' align='center'><b>PASSED TESTS</b></td></tr>
<tr><td><b>Test method</b></td>
<td width="30%"><b>Exception</b></td>
<td width="10%"><b>Time (seconds)</b></td>
<td><b>Instance</b></td>
</tr>
<tr>
<td title='com.QSPTech.ProjectName.ModuleName.testCases.TC001_Create_an_Account.TC001_Create_An_Account()'><b>TC001_Create_An_Account</b><br>Test class: com.QSPTech.ProjectName.ModuleName.testCases.TC001_Create_an_Account<br>Parameters: {Email_ID=test.test1234@gmail.com, Password=Rahul#124, Iteration=1, Phone_Numer=9850658748, First_Name=Rahul, Address=pune, Last_Name=Ganjare}<br/>
<a href="#Output-4726967" onClick='toggleBox("Output-4726967", this, "Show output", "Hide output");'>Show output</a>

<a href="#Output-4726967" onClick="toggleAllBoxes();">Show all outputs</a>
<div class='log' id="Output-4726967">
*** Script execution for TC001_Create_an_Account is completed. *** <br/>
</div>
</td>
<td></td>
<td>18</td>
<td>com.QSPTech.ProjectName.ModuleName.testCases.TC001_Create_an_Account@445629</td></tr>
<tr>
<td title='com.QSPTech.ProjectName.ModuleName.testCases.TC002_Create_an_Account.TC002_Create_An_Account()'><b>TC002_Create_An_Account</b><br>Test class: com.QSPTech.ProjectName.ModuleName.testCases.TC002_Create_an_Account<br>Parameters: {Email_ID=test.test1235@gmail.com, Password=Rahul#125, Iteration=1, Phone_Numer=2587456547, First_Name=Namita, Address=USA, Last_Name=Wikhe}<br/>
<a href="#Output-17733982" onClick='toggleBox("Output-17733982", this, "Show output", "Hide output");'>Show output</a>

<a href="#Output-17733982" onClick="toggleAllBoxes();">Show all outputs</a>
<div class='log' id="Output-17733982">
*** Script execution for TC002_Create_an_Account is completed. *** <br/>
</div>
</td>
<td></td>
<td>16</td>
<td>com.QSPTech.ProjectName.ModuleName.testCases.TC002_Create_an_Account@1bf180e</td></tr>
</table><p>
<table width='100%' border='1' class='invocation-skipped'>
<tr><td colspan='4' align='center'><b>SKIPPED TESTS</b></td></tr>
<tr><td><b>Test method</b></td>
<td width="30%"><b>Exception</b></td>
<td width="10%"><b>Time (seconds)</b></td>
<td><b>Instance</b></td>
</tr>
<tr>
<td title='com.QSPTech.ProjectName.ModuleName.testCases.TC003_Create_an_Account.TC003_Create_An_Account()'><b>TC003_Create_An_Account</b><br>Test class: com.QSPTech.ProjectName.ModuleName.testCases.TC003_Create_an_Account<br>Parameters: {Email_ID=test.test1236@gmail.com, Password=Rahul#126, Iteration=1, Phone_Numer=9850658748, First_Name=Ganesh, Address=Mumbai, Last_Name=Bhosale}</td>
<td></td>
<td>0</td>
<td>com.QSPTech.ProjectName.ModuleName.testCases.TC003_Create_an_Account@3e4e87</td></tr>
<tr>
<td title='com.QSPTech.ProjectName.ModuleName.testCases.TC004_Create_an_Account.TC004_Create_An_Account()'><b>TC004_Create_An_Account</b><br>Test class: com.QSPTech.ProjectName.ModuleName.testCases.TC004_Create_an_Account<br>Parameters: {Email_ID=test.test1237@gmail.com, Password=Rahul#127, Iteration=1, Phone_Numer=2587456547, First_Name=Snehal, Address=Delhi, Last_Name=chopade}</td>
<td></td>
<td>0</td>
<td>com.QSPTech.ProjectName.ModuleName.testCases.TC004_Create_an_Account@de5251</td></tr>
</table><p>
</body>
</html>