<!DOCTYPE html PUBLIC "-//W3C//DTD XHTML 1.1//EN" "http://www.w3.org/TR/xhtml11/DTD/xhtml11.dtd">
<html xmlns="http://www.w3.org/1999/xhtml"><head><title>TestNG Report</title><style type="text/css">table {margin-bottom:10px;border-collapse:collapse;empty-cells:show}th,td {border:1px solid #009;padding:.25em .5em}th {vertical-align:bottom}td {vertical-align:top}table a {font-weight:bold}.stripe td {background-color: #E6EBF9}.num {text-align:right}.passedodd td {background-color: #3F3}.passedeven td {background-color: #0A0}.skippedodd td {background-color: #DDD}.skippedeven td {background-color: #CCC}.failedodd td,.attn {background-color: #F33}.failedeven td,.stripe .attn {background-color: #D00}.stacktrace {white-space:pre;font-family:monospace}.totop {font-size:85%;text-align:center;border-bottom:2px solid #000}</style></head><body><table><tr><th>Test</th><th># Passed</th><th># Skipped</th><th># Failed</th><th>Time (ms)</th><th>Included Groups</th><th>Excluded Groups</th></tr><tr><th colspan="7">Regression suite</th></tr><tr><td><a href="#t0">Regression test</a></td><td class="num">2</td><td class="num attn">2</td><td class="num">0</td><td class="num">37,252</td><td></td><td></td></tr></table><table><thead><tr><th>Class</th><th>Method</th><th>Start</th><th>Time (ms)</th></tr></thead><tbody><tr><th colspan="4">Regression suite</th></tr></tbody><tbody id="t0"><tr><th colspan="4">Regression test &#8212; skipped (configuration methods)</th></tr><tr class="skippedeven"><td rowspan="1">com.QSPTech.ProjectName.ModuleName.testCases.TC003_Create_an_Account</td><td><a href="#m0">isSkip</a></td><td rowspan="1">1569820893198</td><td rowspan="1">0</td></tr><tr class="skippedodd"><td rowspan="1">com.QSPTech.ProjectName.ModuleName.testCases.TC004_Create_an_Account</td><td><a href="#m1">isSkip</a></td><td rowspan="1">1569820893206</td><td rowspan="1">0</td></tr><tr><th colspan="4">Regression test &#8212; skipped</th></tr><tr class="skippedeven"><td rowspan="1">com.QSPTech.ProjectName.ModuleName.testCases.TC003_Create_an_Account</td><td><a href="#m2">TC003_Create_An_Account</a></td><td rowspan="1">1569820893203</td><td rowspan="1">1</td></tr><tr class="skippedodd"><td rowspan="1">com.QSPTech.ProjectName.ModuleName.testCases.TC004_Create_an_Account</td><td><a href="#m3">TC004_Create_An_Account</a></td><td rowspan="1">1569820893210</td><td rowspan="1">1</td></tr><tr><th colspan="4">Regression test &#8212; passed</th></tr><tr class="passedeven"><td rowspan="1">com.QSPTech.ProjectName.ModuleName.testCases.TC001_Create_an_Account</td><td><a href="#m4">TC001_Create_An_Account</a></td><td rowspan="1">1569820856001</td><td rowspan="1">18434</td></tr><tr class="passedodd"><td rowspan="1">com.QSPTech.ProjectName.ModuleName.testCases.TC002_Create_an_Account</td><td><a href="#m5">TC002_Create_An_Account</a></td><td rowspan="1">1569820875674</td><td rowspan="1">16473</td></tr></tbody></table><h2>Regression test</h2><h3 id="m0">com.QSPTech.ProjectName.ModuleName.testCases.TC003_Create_an_Account#isSkip</h3><table class="result"><tr><th>Exception</th></tr><tr><td><div class="stacktrace">org.testng.SkipException: Skipping Test case as it&apos;s Run Mode is set to N
	at com.QSPTech.ProjectName.ModuleName.testCases.TC003_Create_an_Account.isSkip(TC003_Create_an_Account.java:25)
	at sun.reflect.NativeMethodAccessorImpl.invoke0(Native Method)
	at sun.reflect.NativeMethodAccessorImpl.invoke(Unknown Source)
	at sun.reflect.DelegatingMethodAccessorImpl.invoke(Unknown Source)
	at java.lang.reflect.Method.invoke(Unknown Source)
	at org.testng.internal.MethodInvocationHelper.invokeMethod(MethodInvocationHelper.java:85)
	at org.testng.internal.Invoker.invokeConfigurationMethod(Invoker.java:521)
	at org.testng.internal.Invoker.invokeConfigurations(Invoker.java:213)
	at org.testng.internal.Invoker.invokeConfigurations(Invoker.java:140)
	at org.testng.internal.TestMethodWorker.invokeBeforeClassMethods(TestMethodWorker.java:170)
	at org.testng.internal.TestMethodWorker.run(TestMethodWorker.java:104)
	at org.testng.TestRunner.privateRun(TestRunner.java:771)
	at org.testng.TestRunner.run(TestRunner.java:621)
	at org.testng.SuiteRunner.runTest(SuiteRunner.java:357)
	at org.testng.SuiteRunner.runSequentially(SuiteRunner.java:352)
	at org.testng.SuiteRunner.privateRun(SuiteRunner.java:310)
	at org.testng.SuiteRunner.run(SuiteRunner.java:259)
	at org.testng.SuiteRunnerWorker.runSuite(SuiteRunnerWorker.java:52)
	at org.testng.SuiteRunnerWorker.run(SuiteRunnerWorker.java:86)
	at org.testng.TestNG.runSuitesSequentially(TestNG.java:1200)
	at org.testng.TestNG.runSuitesLocally(TestNG.java:1125)
	at org.testng.TestNG.run(TestNG.java:1033)
	at org.testng.remote.RemoteTestNG.run(RemoteTestNG.java:111)
	at org.testng.remote.RemoteTestNG.initAndRun(RemoteTestNG.java:204)
	at org.testng.remote.RemoteTestNG.main(RemoteTestNG.java:175)
</div></td></tr></table><p class="totop"><a href="#summary">back to summary</a></p><h3 id="m1">com.QSPTech.ProjectName.ModuleName.testCases.TC004_Create_an_Account#isSkip</h3><table class="result"><tr><th>Exception</th></tr><tr><td><div class="stacktrace">org.testng.SkipException: Skipping Test case as it&apos;s Run Mode is set to N
	at com.QSPTech.ProjectName.ModuleName.testCases.TC004_Create_an_Account.isSkip(TC004_Create_an_Account.java:25)
	at sun.reflect.NativeMethodAccessorImpl.invoke0(Native Method)
	at sun.reflect.NativeMethodAccessorImpl.invoke(Unknown Source)
	at sun.reflect.DelegatingMethodAccessorImpl.invoke(Unknown Source)
	at java.lang.reflect.Method.invoke(Unknown Source)
	at org.testng.internal.MethodInvocationHelper.invokeMethod(MethodInvocationHelper.java:85)
	at org.testng.internal.Invoker.invokeConfigurationMethod(Invoker.java:521)
	at org.testng.internal.Invoker.invokeConfigurations(Invoker.java:213)
	at org.testng.internal.Invoker.invokeConfigurations(Invoker.java:140)
	at org.testng.internal.TestMethodWorker.invokeBeforeClassMethods(TestMethodWorker.java:170)
	at org.testng.internal.TestMethodWorker.run(TestMethodWorker.java:104)
	at org.testng.TestRunner.privateRun(TestRunner.java:771)
	at org.testng.TestRunner.run(TestRunner.java:621)
	at org.testng.SuiteRunner.runTest(SuiteRunner.java:357)
	at org.testng.SuiteRunner.runSequentially(SuiteRunner.java:352)
	at org.testng.SuiteRunner.privateRun(SuiteRunner.java:310)
	at org.testng.SuiteRunner.run(SuiteRunner.java:259)
	at org.testng.SuiteRunnerWorker.runSuite(SuiteRunnerWorker.java:52)
	at org.testng.SuiteRunnerWorker.run(SuiteRunnerWorker.java:86)
	at org.testng.TestNG.runSuitesSequentially(TestNG.java:1200)
	at org.testng.TestNG.runSuitesLocally(TestNG.java:1125)
	at org.testng.TestNG.run(TestNG.java:1033)
	at org.testng.remote.RemoteTestNG.run(RemoteTestNG.java:111)
	at org.testng.remote.RemoteTestNG.initAndRun(RemoteTestNG.java:204)
	at org.testng.remote.RemoteTestNG.main(RemoteTestNG.java:175)
</div></td></tr></table><p class="totop"><a href="#summary">back to summary</a></p><h3 id="m2">com.QSPTech.ProjectName.ModuleName.testCases.TC003_Create_an_Account#TC003_Create_An_Account</h3><table class="result"><tr class="param"><th>Parameter #1</th></tr><tr class="param stripe"><td>{Email_ID=test.test1236@gmail.com, Password=Rahul#126, Iteration=1, Phone_Numer=9850658748, First_Name=Ganesh, Address=Mumbai, Last_Name=Bhosale}</td></tr></table><p class="totop"><a href="#summary">back to summary</a></p><h3 id="m3">com.QSPTech.ProjectName.ModuleName.testCases.TC004_Create_an_Account#TC004_Create_An_Account</h3><table class="result"><tr class="param"><th>Parameter #1</th></tr><tr class="param stripe"><td>{Email_ID=test.test1237@gmail.com, Password=Rahul#127, Iteration=1, Phone_Numer=2587456547, First_Name=Snehal, Address=Delhi, Last_Name=chopade}</td></tr></table><p class="totop"><a href="#summary">back to summary</a></p><h3 id="m4">com.QSPTech.ProjectName.ModuleName.testCases.TC001_Create_an_Account#TC001_Create_An_Account</h3><table class="result"><tr class="param"><th>Parameter #1</th></tr><tr class="param stripe"><td>{Email_ID=test.test1234@gmail.com, Password=Rahul#124, Iteration=1, Phone_Numer=9850658748, First_Name=Rahul, Address=pune, Last_Name=Ganjare}</td></tr><tr><th>Messages</th></tr><tr><td><div class="messages">*** Script execution for TC001_Create_an_Account is completed. *** </div></td></tr></table><p class="totop"><a href="#summary">back to summary</a></p><h3 id="m5">com.QSPTech.ProjectName.ModuleName.testCases.TC002_Create_an_Account#TC002_Create_An_Account</h3><table class="result"><tr class="param"><th>Parameter #1</th></tr><tr class="param stripe"><td>{Email_ID=test.test1235@gmail.com, Password=Rahul#125, Iteration=1, Phone_Numer=2587456547, First_Name=Namita, Address=USA, Last_Name=Wikhe}</td></tr><tr><th>Messages</th></tr><tr><td><div class="messages">*** Script execution for TC002_Create_an_Account is completed. *** </div></td></tr></table><p class="totop"><a href="#summary">back to summary</a></p></body></html>