<?xml version="1.0" encoding="UTF-8"?>
<testng-results skipped="2" failed="0" total="4" passed="2">
  <reporter-output>
    <line>
      <![CDATA[*** Script execution for TC001_Create_an_Account is completed. *** ]]>
    </line>
    <line>
      <![CDATA[*** Script execution for TC002_Create_an_Account is completed. *** ]]>
    </line>
  </reporter-output>
  <suite name="Regression suite" duration-ms="37252" started-at="2019-09-30T05:20:55Z" finished-at="2019-09-30T05:21:33Z">
    <groups>
    </groups>
    <test name="Regression test" duration-ms="37252" started-at="2019-09-30T05:20:55Z" finished-at="2019-09-30T05:21:33Z">
      <class name="com.QSPTech.ProjectName.ModuleName.testCases.TC003_Create_an_Account">
        <test-method status="SKIP" signature="isSkip()[pri:0, instance:com.QSPTech.ProjectName.ModuleName.testCases.TC003_Create_an_Account@3e4e87]" name="isSkip" is-config="true" duration-ms="0" started-at="2019-09-30T10:51:33Z" finished-at="2019-09-30T10:51:33Z">
          <exception class="org.testng.SkipException">
            <message>
              <![CDATA[Skipping Test case as it's Run Mode is set to N]]>
            </message>
            <full-stacktrace>
              <![CDATA[org.testng.SkipException: Skipping Test case as it's Run Mode is set to N
	at com.QSPTech.ProjectName.ModuleName.testCases.TC003_Create_an_Account.isSkip(TC003_Create_an_Account.java:25)
	at sun.reflect.NativeMethodAccessorImpl.invoke0(Native Method)
	at sun.reflect.NativeMethodAccessorImpl.invoke(Unknown Source)
	at sun.reflect.DelegatingMethodAccessorImpl.invoke(Unknown Source)
	at java.lang.reflect.Method.invoke(Unknown Source)
	at org.testng.internal.MethodInvocationHelper.invokeMethod(MethodInvocationHelper.java:85)
	at org.testng.internal.Invoker.invokeConfigurationMethod(Invoker.java:521)
	at org.testng.internal.Invoker.invokeConfigurations(Invoker.java:213)
	at org.testng.internal.Invoker.invokeConfigurations(Invoker.java:140)
	at org.testng.internal.TestMethodWorker.invokeBeforeClassMethods(TestMethodWorker.java:170)
	at org.testng.internal.TestMethodWorker.run(TestMethodWorker.java:104)
	at org.testng.TestRunner.privateRun(TestRunner.java:771)
	at org.testng.TestRunner.run(TestRunner.java:621)
	at org.testng.SuiteRunner.runTest(SuiteRunner.java:357)
	at org.testng.SuiteRunner.runSequentially(SuiteRunner.java:352)
	at org.testng.SuiteRunner.privateRun(SuiteRunner.java:310)
	at org.testng.SuiteRunner.run(SuiteRunner.java:259)
	at org.testng.SuiteRunnerWorker.runSuite(SuiteRunnerWorker.java:52)
	at org.testng.SuiteRunnerWorker.run(SuiteRunnerWorker.java:86)
	at org.testng.TestNG.runSuitesSequentially(TestNG.java:1200)
	at org.testng.TestNG.runSuitesLocally(TestNG.java:1125)
	at org.testng.TestNG.run(TestNG.java:1033)
	at org.testng.remote.RemoteTestNG.run(RemoteTestNG.java:111)
	at org.testng.remote.RemoteTestNG.initAndRun(RemoteTestNG.java:204)
	at org.testng.remote.RemoteTestNG.main(RemoteTestNG.java:175)
]]>
            </full-stacktrace>
          </exception> <!-- org.testng.SkipException -->
          <reporter-output>
          </reporter-output>
        </test-method> <!-- isSkip -->
        <test-method status="SKIP" signature="TC003_Create_An_Account(java.util.Hashtable)[pri:0, instance:com.QSPTech.ProjectName.ModuleName.testCases.TC003_Create_an_Account@3e4e87]" name="TC003_Create_An_Account" duration-ms="1" started-at="2019-09-30T10:51:33Z" data-provider="Data_Collections" finished-at="2019-09-30T10:51:33Z">
          <params>
            <param index="0">
              <value>
                <![CDATA[{Email_ID=test.test1236@gmail.com, Password=Rahul#126, Iteration=1, Phone_Numer=9850658748, First_Name=Ganesh, Address=Mumbai, Last_Name=Bhosale}]]>
              </value>
            </param>
          </params>
          <reporter-output>
          </reporter-output>
        </test-method> <!-- TC003_Create_An_Account -->
      </class> <!-- com.QSPTech.ProjectName.ModuleName.testCases.TC003_Create_an_Account -->
      <class name="com.QSPTech.ProjectName.ModuleName.testCases.TC001_Create_an_Account">
        <test-method status="PASS" signature="LoadingFiles()[pri:0, instance:com.QSPTech.ProjectName.ModuleName.testCases.TC001_Create_an_Account@445629]" name="LoadingFiles" is-config="true" duration-ms="384" started-at="2019-09-30T10:50:55Z" finished-at="2019-09-30T10:50:55Z">
          <reporter-output>
          </reporter-output>
        </test-method> <!-- LoadingFiles -->
        <test-method status="PASS" signature="isSkip()[pri:0, instance:com.QSPTech.ProjectName.ModuleName.testCases.TC001_Create_an_Account@445629]" name="isSkip" is-config="true" duration-ms="1" started-at="2019-09-30T10:50:55Z" finished-at="2019-09-30T10:50:55Z">
          <reporter-output>
          </reporter-output>
        </test-method> <!-- isSkip -->
        <test-method status="PASS" signature="TC001_Create_An_Account(java.util.Hashtable)[pri:0, instance:com.QSPTech.ProjectName.ModuleName.testCases.TC001_Create_an_Account@445629]" name="TC001_Create_An_Account" duration-ms="18434" started-at="2019-09-30T10:50:56Z" data-provider="Data_Collections" finished-at="2019-09-30T10:51:14Z">
          <params>
            <param index="0">
              <value>
                <![CDATA[{Email_ID=test.test1234@gmail.com, Password=Rahul#124, Iteration=1, Phone_Numer=9850658748, First_Name=Rahul, Address=pune, Last_Name=Ganjare}]]>
              </value>
            </param>
          </params>
          <reporter-output>
            <line>
              <![CDATA[*** Script execution for TC001_Create_an_Account is completed. *** ]]>
            </line>
          </reporter-output>
        </test-method> <!-- TC001_Create_An_Account -->
        <test-method status="PASS" signature="writeIntoExtentReport()[pri:0, instance:com.QSPTech.ProjectName.ModuleName.testCases.TC001_Create_an_Account@445629]" name="writeIntoExtentReport" is-config="true" duration-ms="717" started-at="2019-09-30T10:51:33Z" finished-at="2019-09-30T10:51:34Z">
          <reporter-output>
          </reporter-output>
        </test-method> <!-- writeIntoExtentReport -->
      </class> <!-- com.QSPTech.ProjectName.ModuleName.testCases.TC001_Create_an_Account -->
      <class name="com.QSPTech.ProjectName.ModuleName.testCases.TC002_Create_an_Account">
        <test-method status="PASS" signature="isSkip()[pri:0, instance:com.QSPTech.ProjectName.ModuleName.testCases.TC002_Create_an_Account@1bf180e]" name="isSkip" is-config="true" duration-ms="0" started-at="2019-09-30T10:51:15Z" finished-at="2019-09-30T10:51:15Z">
          <reporter-output>
          </reporter-output>
        </test-method> <!-- isSkip -->
        <test-method status="PASS" signature="TC002_Create_An_Account(java.util.Hashtable)[pri:0, instance:com.QSPTech.ProjectName.ModuleName.testCases.TC002_Create_an_Account@1bf180e]" name="TC002_Create_An_Account" duration-ms="16473" started-at="2019-09-30T10:51:15Z" data-provider="Data_Collections" finished-at="2019-09-30T10:51:32Z">
          <params>
            <param index="0">
              <value>
                <![CDATA[{Email_ID=test.test1235@gmail.com, Password=Rahul#125, Iteration=1, Phone_Numer=2587456547, First_Name=Namita, Address=USA, Last_Name=Wikhe}]]>
              </value>
            </param>
          </params>
          <reporter-output>
            <line>
              <![CDATA[*** Script execution for TC002_Create_an_Account is completed. *** ]]>
            </line>
          </reporter-output>
        </test-method> <!-- TC002_Create_An_Account -->
      </class> <!-- com.QSPTech.ProjectName.ModuleName.testCases.TC002_Create_an_Account -->
      <class name="com.QSPTech.ProjectName.ModuleName.testCases.TC004_Create_an_Account">
        <test-method status="SKIP" signature="isSkip()[pri:0, instance:com.QSPTech.ProjectName.ModuleName.testCases.TC004_Create_an_Account@de5251]" name="isSkip" is-config="true" duration-ms="0" started-at="2019-09-30T10:51:33Z" finished-at="2019-09-30T10:51:33Z">
          <exception class="org.testng.SkipException">
            <message>
              <![CDATA[Skipping Test case as it's Run Mode is set to N]]>
            </message>
            <full-stacktrace>
              <![CDATA[org.testng.SkipException: Skipping Test case as it's Run Mode is set to N
	at com.QSPTech.ProjectName.ModuleName.testCases.TC004_Create_an_Account.isSkip(TC004_Create_an_Account.java:25)
	at sun.reflect.NativeMethodAccessorImpl.invoke0(Native Method)
	at sun.reflect.NativeMethodAccessorImpl.invoke(Unknown Source)
	at sun.reflect.DelegatingMethodAccessorImpl.invoke(Unknown Source)
	at java.lang.reflect.Method.invoke(Unknown Source)
	at org.testng.internal.MethodInvocationHelper.invokeMethod(MethodInvocationHelper.java:85)
	at org.testng.internal.Invoker.invokeConfigurationMethod(Invoker.java:521)
	at org.testng.internal.Invoker.invokeConfigurations(Invoker.java:213)
	at org.testng.internal.Invoker.invokeConfigurations(Invoker.java:140)
	at org.testng.internal.TestMethodWorker.invokeBeforeClassMethods(TestMethodWorker.java:170)
	at org.testng.internal.TestMethodWorker.run(TestMethodWorker.java:104)
	at org.testng.TestRunner.privateRun(TestRunner.java:771)
	at org.testng.TestRunner.run(TestRunner.java:621)
	at org.testng.SuiteRunner.runTest(SuiteRunner.java:357)
	at org.testng.SuiteRunner.runSequentially(SuiteRunner.java:352)
	at org.testng.SuiteRunner.privateRun(SuiteRunner.java:310)
	at org.testng.SuiteRunner.run(SuiteRunner.java:259)
	at org.testng.SuiteRunnerWorker.runSuite(SuiteRunnerWorker.java:52)
	at org.testng.SuiteRunnerWorker.run(SuiteRunnerWorker.java:86)
	at org.testng.TestNG.runSuitesSequentially(TestNG.java:1200)
	at org.testng.TestNG.runSuitesLocally(TestNG.java:1125)
	at org.testng.TestNG.run(TestNG.java:1033)
	at org.testng.remote.RemoteTestNG.run(RemoteTestNG.java:111)
	at org.testng.remote.RemoteTestNG.initAndRun(RemoteTestNG.java:204)
	at org.testng.remote.RemoteTestNG.main(RemoteTestNG.java:175)
]]>
            </full-stacktrace>
          </exception> <!-- org.testng.SkipException -->
          <reporter-output>
          </reporter-output>
        </test-method> <!-- isSkip -->
        <test-method status="SKIP" signature="TC004_Create_An_Account(java.util.Hashtable)[pri:0, instance:com.QSPTech.ProjectName.ModuleName.testCases.TC004_Create_an_Account@de5251]" name="TC004_Create_An_Account" duration-ms="1" started-at="2019-09-30T10:51:33Z" data-provider="Data_Collections" finished-at="2019-09-30T10:51:33Z">
          <params>
            <param index="0">
              <value>
                <![CDATA[{Email_ID=test.test1237@gmail.com, Password=Rahul#127, Iteration=1, Phone_Numer=2587456547, First_Name=Snehal, Address=Delhi, Last_Name=chopade}]]>
              </value>
            </param>
          </params>
          <reporter-output>
          </reporter-output>
        </test-method> <!-- TC004_Create_An_Account -->
      </class> <!-- com.QSPTech.ProjectName.ModuleName.testCases.TC004_Create_an_Account -->
    </test> <!-- Regression test -->
  </suite> <!-- Regression suite -->
</testng-results>
